<?xml version="1.0" encoding="UTF-8"?>
<!-- Generated by org.testng.reporters.JUnitReportReporter -->
<testsuite skipped="0" hostname="Sharaths-MacBook-Air.local" name="com.test.insta.instawork.TC001_InstaworkSearchTest" tests="2" failures="0" timestamp="23 Jan 2018 15:11:53 GMT" time="18.259" errors="0">
  <testcase name="instaworkSearchTest" time="5.478" classname="com.test.insta.instawork.TC001_InstaworkSearchTest"/>
  <testcase name="instaworkSearchTest" time="12.781" classname="com.test.insta.instawork.TC001_InstaworkSearchTest"/>
</testsuite> <!-- com.test.insta.instawork.TC001_InstaworkSearchTest -->
