<?xml version="1.0" encoding="UTF-8"?>
<!-- Generated by org.testng.reporters.JUnitReportReporter -->
<testsuite skipped="0" hostname="Sharaths-MacBook-Air.local" name="com.test.insta.instawork.PageRanking" tests="1" failures="0" timestamp="22 Jan 2018 19:05:47 GMT" time="6.593" errors="0">
  <testcase name="navigate" time="6.593" classname="com.test.insta.instawork.PageRanking"/>
</testsuite> <!-- com.test.insta.instawork.PageRanking -->
